# JRE version: OpenJDK Runtime Environment Temurin-21.0.9+10 (21.0.9+10) (build 21.0.9+10-LTS)
# Java VM: OpenJDK 64-Bit Server VM Temurin-21.0.9+10 (21.0.9+10-LTS, mixed mode, sharing, tiered, compressed oops, compressed class ptrs, parallel gc, windows-amd64)
GC Precious Log:
 CardTable entry size: 512
 CPUs: 8 total, 8 available
 Memory: 16112M
 Large Page Support: Disabled
 NUMA Support: Disabled
 Compressed Oops: Enabled (Zero based)
 Alignments: Space 512K, Generation 512K, Heap 2M
 Heap Min Capacity: 100M
 Heap Initial Capacity: 100M
 Heap Max Capacity: 4G
 Pre-touch: Disabled
 Parallel Workers: 8
Heap:
 PSYoungGen      total 30720K, used 30421K [0x00000007aab00000, 0x00000007ade00000, 0x0000000800000000)
  eden space 16896K, 100% used [0x00000007aab00000,0x00000007abb80000,0x00000007abb80000)
  from space 13824K, 97% used [0x00000007ad080000,0x00000007addb5770,0x00000007ade00000)
  to   space 16384K, 38% used [0x00000007abe00000,0x00000007ac426370,0x00000007ace00000)
 ParOldGen       total 1982464K, used 1982462K [0x0000000700000000, 0x0000000779000000, 0x00000007aab00000)
  object space 1982464K, 99% used [0x0000000700000000,0x0000000778fffab8,0x0000000779000000)
 Metaspace       used 105185K, committed 107072K, reserved 1179648K
  class space    used 10776K, committed 11648K, reserved 1048576K
GC Heap History (20 events):
Event: 76369.060 GC heap after
{Heap after GC invocations=3945 (full 8):
 PSYoungGen      total 12800K, used 997K [0x00000007aab00000, 0x00000007abf00000, 0x0000000800000000)
  eden space 10752K, 0% used [0x00000007aab00000,0x00000007aab00000,0x00000007ab580000)
  from space 2048K, 48% used [0x00000007abb00000,0x00000007abbf9410,0x00000007abd00000)
  to   space 1536K, 0% used [0x00000007abd80000,0x00000007abd80000,0x00000007abf00000)
 ParOldGen       total 1931776K, used 1931637K [0x0000000700000000, 0x0000000775e80000, 0x00000007aab00000)
  object space 1931776K, 99% used [0x0000000700000000,0x0000000775e5d678,0x0000000775e80000)
 Metaspace       used 105160K, committed 107008K, reserved 1179648K
  class space    used 10776K, committed 11648K, reserved 1048576K
}
Event: 76369.078 GC heap before
{Heap before GC invocations=3946 (full 8):
 PSYoungGen      total 12800K, used 11749K [0x00000007aab00000, 0x00000007abf00000, 0x0000000800000000)
  eden space 10752K, 100% used [0x00000007aab00000,0x00000007ab580000,0x00000007ab580000)
  from space 2048K, 48% used [0x00000007abb00000,0x00000007abbf9410,0x00000007abd00000)
  to   space 1536K, 0% used [0x00000007abd80000,0x00000007abd80000,0x00000007abf00000)
 ParOldGen       total 1931776K, used 1931637K [0x0000000700000000, 0x0000000775e80000, 0x00000007aab00000)
  object space 1931776K, 99% used [0x0000000700000000,0x0000000775e5d678,0x0000000775e80000)
 Metaspace       used 105162K, committed 107008K, reserved 1179648K
  class space    used 10776K, committed 11648K, reserved 1048576K
}
Event: 76369.084 GC heap after
{Heap after GC invocations=3946 (full 8):
 PSYoungGen      total 12288K, used 1528K [0x00000007aab00000, 0x00000007ac180000, 0x0000000800000000)
  eden space 10752K, 0% used [0x00000007aab00000,0x00000007aab00000,0x00000007ab580000)
  from space 1536K, 99% used [0x00000007abd80000,0x00000007abefe070,0x00000007abf00000)
  to   space 6144K, 0% used [0x00000007ab580000,0x00000007ab580000,0x00000007abb80000)
 ParOldGen       total 1935360K, used 1935215K [0x0000000700000000, 0x0000000776200000, 0x00000007aab00000)
  object space 1935360K, 99% used [0x0000000700000000,0x00000007761dbe98,0x0000000776200000)
 Metaspace       used 105162K, committed 107008K, reserved 1179648K
  class space    used 10776K, committed 11648K, reserved 1048576K
}
Event: 76369.104 GC heap before
{Heap before GC invocations=3947 (full 8):
 PSYoungGen      total 12288K, used 12280K [0x00000007aab00000, 0x00000007ac180000, 0x0000000800000000)
  eden space 10752K, 100% used [0x00000007aab00000,0x00000007ab580000,0x00000007ab580000)
  from space 1536K, 99% used [0x00000007abd80000,0x00000007abefe070,0x00000007abf00000)
  to   space 6144K, 0% used [0x00000007ab580000,0x00000007ab580000,0x00000007abb80000)
 ParOldGen       total 1935360K, used 1935215K [0x0000000700000000, 0x0000000776200000, 0x00000007aab00000)
  object space 1935360K, 99% used [0x0000000700000000,0x00000007761dbe98,0x0000000776200000)
 Metaspace       used 105176K, committed 107072K, reserved 1179648K
  class space    used 10776K, committed 11648K, reserved 1048576K
}
Event: 76369.108 GC heap after
{Heap after GC invocations=3947 (full 8):
 PSYoungGen      total 16896K, used 297K [0x00000007aab00000, 0x00000007abe00000, 0x0000000800000000)
  eden space 10752K, 0% used [0x00000007aab00000,0x00000007aab00000,0x00000007ab580000)
  from space 6144K, 4% used [0x00000007ab580000,0x00000007ab5ca400,0x00000007abb80000)
  to   space 2048K, 0% used [0x00000007abc00000,0x00000007abc00000,0x00000007abe00000)
 ParOldGen       total 1935360K, used 1935319K [0x0000000700000000, 0x0000000776200000, 0x00000007aab00000)
  object space 1935360K, 99% used [0x0000000700000000,0x00000007761f5e98,0x0000000776200000)
 Metaspace       used 105176K, committed 107072K, reserved 1179648K
  class space    used 10776K, committed 11648K, reserved 1048576K
}
Event: 76369.125 GC heap before
{Heap before GC invocations=3948 (full 8):
 PSYoungGen      total 16896K, used 11049K [0x00000007aab00000, 0x00000007abe00000, 0x0000000800000000)
  eden space 10752K, 100% used [0x00000007aab00000,0x00000007ab580000,0x00000007ab580000)
  from space 6144K, 4% used [0x00000007ab580000,0x00000007ab5ca400,0x00000007abb80000)
  to   space 2048K, 0% used [0x00000007abc00000,0x00000007abc00000,0x00000007abe00000)
 ParOldGen       total 1935360K, used 1935319K [0x0000000700000000, 0x0000000776200000, 0x00000007aab00000)
  object space 1935360K, 99% used [0x0000000700000000,0x00000007761f5e98,0x0000000776200000)
 Metaspace       used 105176K, committed 107072K, reserved 1179648K
  class space    used 10776K, committed 11648K, reserved 1048576K
}
Event: 76369.129 GC heap after
{Heap after GC invocations=3948 (full 8):
 PSYoungGen      total 12800K, used 2031K [0x00000007aab00000, 0x00000007abe00000, 0x0000000800000000)
  eden space 10752K, 0% used [0x00000007aab00000,0x00000007aab00000,0x00000007ab580000)
  from space 2048K, 99% used [0x00000007abc00000,0x00000007abdfbc90,0x00000007abe00000)
  to   space 3072K, 0% used [0x00000007ab800000,0x00000007ab800000,0x00000007abb00000)
 ParOldGen       total 1935872K, used 1935840K [0x0000000700000000, 0x0000000776280000, 0x00000007aab00000)
  object space 1935872K, 99% used [0x0000000700000000,0x0000000776278298,0x0000000776280000)
 Metaspace       used 105176K, committed 107072K, reserved 1179648K
  class space    used 10776K, committed 11648K, reserved 1048576K
}
Event: 76370.660 GC heap before
{Heap before GC invocations=3949 (full 8):
 PSYoungGen      total 12800K, used 12783K [0x00000007aab00000, 0x00000007abe00000, 0x0000000800000000)
  eden space 10752K, 99% used [0x00000007aab00000,0x00000007ab57ffe8,0x00000007ab580000)
  from space 2048K, 99% used [0x00000007abc00000,0x00000007abdfbc90,0x00000007abe00000)
  to   space 3072K, 0% used [0x00000007ab800000,0x00000007ab800000,0x00000007abb00000)
 ParOldGen       total 1935872K, used 1935840K [0x0000000700000000, 0x0000000776280000, 0x00000007aab00000)
  object space 1935872K, 99% used [0x0000000700000000,0x0000000776278298,0x0000000776280000)
 Metaspace       used 105176K, committed 107072K, reserved 1179648K
  class space    used 10776K, committed 11648K, reserved 1048576K
}
Event: 76370.666 GC heap after
{Heap after GC invocations=3949 (full 8):
 PSYoungGen      total 13824K, used 457K [0x00000007aab00000, 0x00000007abc80000, 0x0000000800000000)
  eden space 10752K, 0% used [0x00000007aab00000,0x00000007aab00000,0x00000007ab580000)
  from space 3072K, 14% used [0x00000007ab800000,0x00000007ab872400,0x00000007abb00000)
  to   space 1536K, 0% used [0x00000007abb00000,0x00000007abb00000,0x00000007abc80000)
 ParOldGen       total 1936896K, used 1936648K [0x0000000700000000, 0x0000000776380000, 0x00000007aab00000)
  object space 1936896K, 99% used [0x0000000700000000,0x00000007763422b8,0x0000000776380000)
 Metaspace       used 105176K, committed 107072K, reserved 1179648K
  class space    used 10776K, committed 11648K, reserved 1048576K
}
Event: 76370.714 GC heap before
{Heap before GC invocations=3950 (full 8):
 PSYoungGen      total 13824K, used 11208K [0x00000007aab00000, 0x00000007abc80000, 0x0000000800000000)
  eden space 10752K, 99% used [0x00000007aab00000,0x00000007ab57ffe8,0x00000007ab580000)
  from space 3072K, 14% used [0x00000007ab800000,0x00000007ab872400,0x00000007abb00000)
  to   space 1536K, 0% used [0x00000007abb00000,0x00000007abb00000,0x00000007abc80000)
 ParOldGen       total 1936896K, used 1936648K [0x0000000700000000, 0x0000000776380000, 0x00000007aab00000)
  object space 1936896K, 99% used [0x0000000700000000,0x00000007763422b8,0x0000000776380000)
 Metaspace       used 105180K, committed 107072K, reserved 1179648K
  class space    used 10776K, committed 11648K, reserved 1048576K
}
Event: 76370.721 GC heap after
{Heap after GC invocations=3950 (full 8):
 PSYoungGen      total 11776K, used 1524K [0x00000007aab00000, 0x00000007ac180000, 0x0000000800000000)
  eden space 10240K, 0% used [0x00000007aab00000,0x00000007aab00000,0x00000007ab500000)
  from space 1536K, 99% used [0x00000007abb00000,0x00000007abc7d0c0,0x00000007abc80000)
  to   space 6144K, 0% used [0x00000007ab500000,0x00000007ab500000,0x00000007abb00000)
 ParOldGen       total 1940480K, used 1940122K [0x0000000700000000, 0x0000000776700000, 0x00000007aab00000)
  object space 1940480K, 99% used [0x0000000700000000,0x00000007766a68c0,0x0000000776700000)
 Metaspace       used 105180K, committed 107072K, reserved 1179648K
  class space    used 10776K, committed 11648K, reserved 1048576K
}
Event: 76370.736 GC heap before
{Heap before GC invocations=3951 (full 8):
 PSYoungGen      total 11776K, used 11764K [0x00000007aab00000, 0x00000007ac180000, 0x0000000800000000)
  eden space 10240K, 100% used [0x00000007aab00000,0x00000007ab500000,0x00000007ab500000)
  from space 1536K, 99% used [0x00000007abb00000,0x00000007abc7d0c0,0x00000007abc80000)
  to   space 6144K, 0% used [0x00000007ab500000,0x00000007ab500000,0x00000007abb00000)
 ParOldGen       total 1940480K, used 1940122K [0x0000000700000000, 0x0000000776700000, 0x00000007aab00000)
  object space 1940480K, 99% used [0x0000000700000000,0x00000007766a68c0,0x0000000776700000)
 Metaspace       used 105180K, committed 107072K, reserved 1179648K
  class space    used 10776K, committed 11648K, reserved 1048576K
}
Event: 76370.746 GC heap after
{Heap after GC invocations=3951 (full 8):
 PSYoungGen      total 16384K, used 6126K [0x00000007aab00000, 0x00000007ad000000, 0x0000000800000000)
  eden space 10240K, 0% used [0x00000007aab00000,0x00000007aab00000,0x00000007ab500000)
  from space 6144K, 99% used [0x00000007ab500000,0x00000007abafb918,0x00000007abb00000)
  to   space 12800K, 0% used [0x00000007ac380000,0x00000007ac380000,0x00000007ad000000)
 ParOldGen       total 1945600K, used 1945171K [0x0000000700000000, 0x0000000776c00000, 0x00000007aab00000)
  object space 1945600K, 99% used [0x0000000700000000,0x0000000776b94c40,0x0000000776c00000)
 Metaspace       used 105180K, committed 107072K, reserved 1179648K
  class space    used 10776K, committed 11648K, reserved 1048576K
}
Event: 76370.771 GC heap before
{Heap before GC invocations=3952 (full 8):
 PSYoungGen      total 16384K, used 16366K [0x00000007aab00000, 0x00000007ad000000, 0x0000000800000000)
  eden space 10240K, 100% used [0x00000007aab00000,0x00000007ab500000,0x00000007ab500000)
  from space 6144K, 99% used [0x00000007ab500000,0x00000007abafb918,0x00000007abb00000)
  to   space 12800K, 0% used [0x00000007ac380000,0x00000007ac380000,0x00000007ad000000)
 ParOldGen       total 1945600K, used 1945171K [0x0000000700000000, 0x0000000776c00000, 0x00000007aab00000)
  object space 1945600K, 99% used [0x0000000700000000,0x0000000776b94c40,0x0000000776c00000)
 Metaspace       used 105180K, committed 107072K, reserved 1179648K
  class space    used 10776K, committed 11648K, reserved 1048576K
}
Event: 76370.784 GC heap after
{Heap after GC invocations=3952 (full 8):
 PSYoungGen      total 22528K, used 9935K [0x00000007aab00000, 0x00000007acd80000, 0x0000000800000000)
  eden space 12288K, 0% used [0x00000007aab00000,0x00000007aab00000,0x00000007ab700000)
  from space 10240K, 97% used [0x00000007ac380000,0x00000007acd33c70,0x00000007acd80000)
  to   space 10752K, 0% used [0x00000007ab880000,0x00000007ab880000,0x00000007ac300000)
 ParOldGen       total 1951744K, used 1951300K [0x0000000700000000, 0x0000000777200000, 0x00000007aab00000)
  object space 1951744K, 99% used [0x0000000700000000,0x0000000777191040,0x0000000777200000)
 Metaspace       used 105180K, committed 107072K, reserved 1179648K
  class space    used 10776K, committed 11648K, reserved 1048576K
}
Event: 76370.807 GC heap before
{Heap before GC invocations=3953 (full 8):
 PSYoungGen      total 22528K, used 22223K [0x00000007aab00000, 0x00000007acd80000, 0x0000000800000000)
  eden space 12288K, 100% used [0x00000007aab00000,0x00000007ab700000,0x00000007ab700000)
  from space 10240K, 97% used [0x00000007ac380000,0x00000007acd33c70,0x00000007acd80000)
  to   space 10752K, 0% used [0x00000007ab880000,0x00000007ab880000,0x00000007ac300000)
 ParOldGen       total 1951744K, used 1951300K [0x0000000700000000, 0x0000000777200000, 0x00000007aab00000)
  object space 1951744K, 99% used [0x0000000700000000,0x0000000777191040,0x0000000777200000)
 Metaspace       used 105180K, committed 107072K, reserved 1179648K
  class space    used 10776K, committed 11648K, reserved 1048576K
}
Event: 76370.820 GC heap after
{Heap after GC invocations=3953 (full 8):
 PSYoungGen      total 24576K, used 10728K [0x00000007aab00000, 0x00000007ae780000, 0x0000000800000000)
  eden space 13824K, 0% used [0x00000007aab00000,0x00000007aab00000,0x00000007ab880000)
  from space 10752K, 99% used [0x00000007ab880000,0x00000007ac2fa030,0x00000007ac300000)
  to   space 23552K, 0% used [0x00000007ad080000,0x00000007ad080000,0x00000007ae780000)
 ParOldGen       total 1962496K, used 1962085K [0x0000000700000000, 0x0000000777c80000, 0x00000007aab00000)
  object space 1962496K, 99% used [0x0000000700000000,0x0000000777c195b8,0x0000000777c80000)
 Metaspace       used 105180K, committed 107072K, reserved 1179648K
  class space    used 10776K, committed 11648K, reserved 1048576K
}
Event: 76370.840 GC heap before
{Heap before GC invocations=3954 (full 8):
 PSYoungGen      total 24576K, used 24552K [0x00000007aab00000, 0x00000007ae780000, 0x0000000800000000)
  eden space 13824K, 100% used [0x00000007aab00000,0x00000007ab880000,0x00000007ab880000)
  from space 10752K, 99% used [0x00000007ab880000,0x00000007ac2fa030,0x00000007ac300000)
  to   space 23552K, 0% used [0x00000007ad080000,0x00000007ad080000,0x00000007ae780000)
 ParOldGen       total 1962496K, used 1962085K [0x0000000700000000, 0x0000000777c80000, 0x00000007aab00000)
  object space 1962496K, 99% used [0x0000000700000000,0x0000000777c195b8,0x0000000777c80000)
 Metaspace       used 105180K, committed 107072K, reserved 1179648K
  class space    used 10776K, committed 11648K, reserved 1048576K
}
Event: 76371.857 GC heap after
{Heap after GC invocations=3954 (full 8):
 PSYoungGen      total 30720K, used 13525K [0x00000007aab00000, 0x00000007ade00000, 0x0000000800000000)
  eden space 16896K, 0% used [0x00000007aab00000,0x00000007aab00000,0x00000007abb80000)
  from space 13824K, 97% used [0x00000007ad080000,0x00000007addb5770,0x00000007ade00000)
  to   space 16384K, 0% used [0x00000007abe00000,0x00000007abe00000,0x00000007ace00000)
 ParOldGen       total 1973248K, used 1972763K [0x0000000700000000, 0x0000000778700000, 0x00000007aab00000)
  object space 1973248K, 99% used [0x0000000700000000,0x0000000778686f80,0x0000000778700000)
 Metaspace       used 105180K, committed 107072K, reserved 1179648K
  class space    used 10776K, committed 11648K, reserved 1048576K
}
Event: 76371.973 GC heap before
{Heap before GC invocations=3955 (full 8):
 PSYoungGen      total 30720K, used 30421K [0x00000007aab00000, 0x00000007ade00000, 0x0000000800000000)
  eden space 16896K, 100% used [0x00000007aab00000,0x00000007abb80000,0x00000007abb80000)
  from space 13824K, 97% used [0x00000007ad080000,0x00000007addb5770,0x00000007ade00000)
  to   space 16384K, 0% used [0x00000007abe00000,0x00000007abe00000,0x00000007ace00000)
 ParOldGen       total 1973248K, used 1972763K [0x0000000700000000, 0x0000000778700000, 0x00000007aab00000)
  object space 1973248K, 99% used [0x0000000700000000,0x0000000778686f80,0x0000000778700000)
 Metaspace       used 105185K, committed 107072K, reserved 1179648K
  class space    used 10776K, committed 11648K, reserved 1048576K
}

