# JRE version: OpenJDK Runtime Environment Temurin-21.0.9+10 (21.0.9+10) (build 21.0.9+10-LTS)
# Java VM: OpenJDK 64-Bit Server VM Temurin-21.0.9+10 (21.0.9+10-LTS, mixed mode, sharing, tiered, compressed oops, compressed class ptrs, parallel gc, windows-amd64)
GC Precious Log:
 CardTable entry size: 512
 CPUs: 8 total, 8 available
 Memory: 16112M
 Large Page Support: Disabled
 NUMA Support: Disabled
 Compressed Oops: Enabled (32-bit)
 Alignments: Space 512K, Generation 512K, Heap 2M
 Heap Min Capacity: 100M
 Heap Initial Capacity: 100M
 Heap Max Capacity: 2G
 Pre-touch: Disabled
 Parallel Workers: 8
Heap:
 PSYoungGen      total 6656K, used 3048K [0x00000000d5580000, 0x00000000d5d00000, 0x0000000100000000)
  eden space 5632K, 39% used [0x00000000d5580000,0x00000000d57b2330,0x00000000d5b00000)
  from space 1024K, 78% used [0x00000000d5c00000,0x00000000d5cc8000,0x00000000d5d00000)
  to   space 1024K, 0% used [0x00000000d5b00000,0x00000000d5b00000,0x00000000d5c00000)
 ParOldGen       total 1022976K, used 1022517K [0x0000000080000000, 0x00000000be700000, 0x00000000d5580000)
  object space 1022976K, 99% used [0x0000000080000000,0x00000000be68d6c0,0x00000000be700000)
 Metaspace       used 110730K, committed 112704K, reserved 1179648K
  class space    used 11057K, committed 12032K, reserved 1048576K
GC Heap History (20 events):
Event: 96209.864 GC heap before
{Heap before GC invocations=12934 (full 14):
 PSYoungGen      total 6144K, used 5952K [0x00000000d5580000, 0x00000000d5c80000, 0x0000000100000000)
  eden space 5632K, 100% used [0x00000000d5580000,0x00000000d5b00000,0x00000000d5b00000)
  from space 512K, 62% used [0x00000000d5b80000,0x00000000d5bd0000,0x00000000d5c00000)
  to   space 512K, 0% used [0x00000000d5b00000,0x00000000d5b00000,0x00000000d5b80000)
 ParOldGen       total 1016832K, used 1016716K [0x0000000080000000, 0x00000000be100000, 0x00000000d5580000)
  object space 1016832K, 99% used [0x0000000080000000,0x00000000be0e3250,0x00000000be100000)
 Metaspace       used 110728K, committed 112704K, reserved 1179648K
  class space    used 11057K, committed 12032K, reserved 1048576K
}
Event: 96209.870 GC heap after
{Heap after GC invocations=12934 (full 14):
 PSYoungGen      total 6144K, used 480K [0x00000000d5580000, 0x00000000d5e80000, 0x0000000100000000)
  eden space 5632K, 0% used [0x00000000d5580000,0x00000000d5580000,0x00000000d5b00000)
  from space 512K, 93% used [0x00000000d5b00000,0x00000000d5b78010,0x00000000d5b80000)
  to   space 1024K, 0% used [0x00000000d5d80000,0x00000000d5d80000,0x00000000d5e80000)
 ParOldGen       total 1017344K, used 1016948K [0x0000000080000000, 0x00000000be180000, 0x00000000d5580000)
  object space 1017344K, 99% used [0x0000000080000000,0x00000000be11d260,0x00000000be180000)
 Metaspace       used 110728K, committed 112704K, reserved 1179648K
  class space    used 11057K, committed 12032K, reserved 1048576K
}
Event: 96209.978 GC heap before
{Heap before GC invocations=12935 (full 14):
 PSYoungGen      total 6144K, used 6112K [0x00000000d5580000, 0x00000000d5e80000, 0x0000000100000000)
  eden space 5632K, 100% used [0x00000000d5580000,0x00000000d5b00000,0x00000000d5b00000)
  from space 512K, 93% used [0x00000000d5b00000,0x00000000d5b78010,0x00000000d5b80000)
  to   space 1024K, 0% used [0x00000000d5d80000,0x00000000d5d80000,0x00000000d5e80000)
 ParOldGen       total 1017344K, used 1016948K [0x0000000080000000, 0x00000000be180000, 0x00000000d5580000)
  object space 1017344K, 99% used [0x0000000080000000,0x00000000be11d260,0x00000000be180000)
 Metaspace       used 110728K, committed 112704K, reserved 1179648K
  class space    used 11057K, committed 12032K, reserved 1048576K
}
Event: 96209.985 GC heap after
{Heap after GC invocations=12935 (full 14):
 PSYoungGen      total 6656K, used 704K [0x00000000d5580000, 0x00000000d5e80000, 0x0000000100000000)
  eden space 5632K, 0% used [0x00000000d5580000,0x00000000d5580000,0x00000000d5b00000)
  from space 1024K, 68% used [0x00000000d5d80000,0x00000000d5e30000,0x00000000d5e80000)
  to   space 1024K, 0% used [0x00000000d5c80000,0x00000000d5c80000,0x00000000d5d80000)
 ParOldGen       total 1017856K, used 1017396K [0x0000000080000000, 0x00000000be200000, 0x00000000d5580000)
  object space 1017856K, 99% used [0x0000000080000000,0x00000000be18d270,0x00000000be200000)
 Metaspace       used 110728K, committed 112704K, reserved 1179648K
  class space    used 11057K, committed 12032K, reserved 1048576K
}
Event: 96210.008 GC heap before
{Heap before GC invocations=12936 (full 14):
 PSYoungGen      total 6656K, used 6336K [0x00000000d5580000, 0x00000000d5e80000, 0x0000000100000000)
  eden space 5632K, 100% used [0x00000000d5580000,0x00000000d5b00000,0x00000000d5b00000)
  from space 1024K, 68% used [0x00000000d5d80000,0x00000000d5e30000,0x00000000d5e80000)
  to   space 1024K, 0% used [0x00000000d5c80000,0x00000000d5c80000,0x00000000d5d80000)
 ParOldGen       total 1017856K, used 1017396K [0x0000000080000000, 0x00000000be200000, 0x00000000d5580000)
  object space 1017856K, 99% used [0x0000000080000000,0x00000000be18d270,0x00000000be200000)
 Metaspace       used 110728K, committed 112704K, reserved 1179648K
  class space    used 11057K, committed 12032K, reserved 1048576K
}
Event: 96210.014 GC heap after
{Heap after GC invocations=12936 (full 14):
 PSYoungGen      total 6144K, used 416K [0x00000000d5580000, 0x00000000d5e00000, 0x0000000100000000)
  eden space 5632K, 0% used [0x00000000d5580000,0x00000000d5580000,0x00000000d5b00000)
  from space 512K, 81% used [0x00000000d5c80000,0x00000000d5ce8020,0x00000000d5d00000)
  to   space 1024K, 0% used [0x00000000d5d00000,0x00000000d5d00000,0x00000000d5e00000)
 ParOldGen       total 1018368K, used 1017997K [0x0000000080000000, 0x00000000be280000, 0x00000000d5580000)
  object space 1018368K, 99% used [0x0000000080000000,0x00000000be223770,0x00000000be280000)
 Metaspace       used 110728K, committed 112704K, reserved 1179648K
  class space    used 11057K, committed 12032K, reserved 1048576K
}
Event: 96210.114 GC heap before
{Heap before GC invocations=12937 (full 14):
 PSYoungGen      total 6144K, used 6048K [0x00000000d5580000, 0x00000000d5e00000, 0x0000000100000000)
  eden space 5632K, 100% used [0x00000000d5580000,0x00000000d5b00000,0x00000000d5b00000)
  from space 512K, 81% used [0x00000000d5c80000,0x00000000d5ce8020,0x00000000d5d00000)
  to   space 1024K, 0% used [0x00000000d5d00000,0x00000000d5d00000,0x00000000d5e00000)
 ParOldGen       total 1018368K, used 1017997K [0x0000000080000000, 0x00000000be280000, 0x00000000d5580000)
  object space 1018368K, 99% used [0x0000000080000000,0x00000000be223770,0x00000000be280000)
 Metaspace       used 110728K, committed 112704K, reserved 1179648K
  class space    used 11057K, committed 12032K, reserved 1048576K
}
Event: 96210.128 GC heap after
{Heap after GC invocations=12937 (full 14):
 PSYoungGen      total 6656K, used 994K [0x00000000d5580000, 0x00000000d5e00000, 0x0000000100000000)
  eden space 5632K, 0% used [0x00000000d5580000,0x00000000d5580000,0x00000000d5b00000)
  from space 1024K, 97% used [0x00000000d5d00000,0x00000000d5df8ae8,0x00000000d5e00000)
  to   space 1536K, 0% used [0x00000000d5b00000,0x00000000d5b00000,0x00000000d5c80000)
 ParOldGen       total 1018368K, used 1018349K [0x0000000080000000, 0x00000000be280000, 0x00000000d5580000)
  object space 1018368K, 99% used [0x0000000080000000,0x00000000be27b790,0x00000000be280000)
 Metaspace       used 110728K, committed 112704K, reserved 1179648K
  class space    used 11057K, committed 12032K, reserved 1048576K
}
Event: 96210.331 GC heap before
{Heap before GC invocations=12938 (full 14):
 PSYoungGen      total 6656K, used 6626K [0x00000000d5580000, 0x00000000d5e00000, 0x0000000100000000)
  eden space 5632K, 100% used [0x00000000d5580000,0x00000000d5b00000,0x00000000d5b00000)
  from space 1024K, 97% used [0x00000000d5d00000,0x00000000d5df8ae8,0x00000000d5e00000)
  to   space 1536K, 0% used [0x00000000d5b00000,0x00000000d5b00000,0x00000000d5c80000)
 ParOldGen       total 1018368K, used 1018349K [0x0000000080000000, 0x00000000be280000, 0x00000000d5580000)
  object space 1018368K, 99% used [0x0000000080000000,0x00000000be27b790,0x00000000be280000)
 Metaspace       used 110728K, committed 112704K, reserved 1179648K
  class space    used 11057K, committed 12032K, reserved 1048576K
}
Event: 96210.348 GC heap after
{Heap after GC invocations=12938 (full 14):
 PSYoungGen      total 7168K, used 1168K [0x00000000d5580000, 0x00000000d5e00000, 0x0000000100000000)
  eden space 5632K, 0% used [0x00000000d5580000,0x00000000d5580000,0x00000000d5b00000)
  from space 1536K, 76% used [0x00000000d5b00000,0x00000000d5c24010,0x00000000d5c80000)
  to   space 1536K, 0% used [0x00000000d5c80000,0x00000000d5c80000,0x00000000d5e00000)
 ParOldGen       total 1019392K, used 1019248K [0x0000000080000000, 0x00000000be380000, 0x00000000d5580000)
  object space 1019392K, 99% used [0x0000000080000000,0x00000000be35c048,0x00000000be380000)
 Metaspace       used 110728K, committed 112704K, reserved 1179648K
  class space    used 11057K, committed 12032K, reserved 1048576K
}
Event: 96210.444 GC heap before
{Heap before GC invocations=12939 (full 14):
 PSYoungGen      total 7168K, used 6800K [0x00000000d5580000, 0x00000000d5e00000, 0x0000000100000000)
  eden space 5632K, 100% used [0x00000000d5580000,0x00000000d5b00000,0x00000000d5b00000)
  from space 1536K, 76% used [0x00000000d5b00000,0x00000000d5c24010,0x00000000d5c80000)
  to   space 1536K, 0% used [0x00000000d5c80000,0x00000000d5c80000,0x00000000d5e00000)
 ParOldGen       total 1019392K, used 1019248K [0x0000000080000000, 0x00000000be380000, 0x00000000d5580000)
  object space 1019392K, 99% used [0x0000000080000000,0x00000000be35c048,0x00000000be380000)
 Metaspace       used 110728K, committed 112704K, reserved 1179648K
  class space    used 11057K, committed 12032K, reserved 1048576K
}
Event: 96210.455 GC heap after
{Heap after GC invocations=12939 (full 14):
 PSYoungGen      total 6656K, used 704K [0x00000000d5580000, 0x00000000d5d80000, 0x0000000100000000)
  eden space 5632K, 0% used [0x00000000d5580000,0x00000000d5580000,0x00000000d5b00000)
  from space 1024K, 68% used [0x00000000d5c80000,0x00000000d5d30000,0x00000000d5d80000)
  to   space 1024K, 0% used [0x00000000d5b80000,0x00000000d5b80000,0x00000000d5c80000)
 ParOldGen       total 1020416K, used 1020307K [0x0000000080000000, 0x00000000be480000, 0x00000000d5580000)
  object space 1020416K, 99% used [0x0000000080000000,0x00000000be464cc8,0x00000000be480000)
 Metaspace       used 110728K, committed 112704K, reserved 1179648K
  class space    used 11057K, committed 12032K, reserved 1048576K
}
Event: 96210.501 GC heap before
{Heap before GC invocations=12940 (full 14):
 PSYoungGen      total 6656K, used 6336K [0x00000000d5580000, 0x00000000d5d80000, 0x0000000100000000)
  eden space 5632K, 100% used [0x00000000d5580000,0x00000000d5b00000,0x00000000d5b00000)
  from space 1024K, 68% used [0x00000000d5c80000,0x00000000d5d30000,0x00000000d5d80000)
  to   space 1024K, 0% used [0x00000000d5b80000,0x00000000d5b80000,0x00000000d5c80000)
 ParOldGen       total 1020416K, used 1020307K [0x0000000080000000, 0x00000000be480000, 0x00000000d5580000)
  object space 1020416K, 99% used [0x0000000080000000,0x00000000be464cc8,0x00000000be480000)
 Metaspace       used 110728K, committed 112704K, reserved 1179648K
  class space    used 11057K, committed 12032K, reserved 1048576K
}
Event: 96210.508 GC heap after
{Heap after GC invocations=12940 (full 14):
 PSYoungGen      total 6656K, used 790K [0x00000000d5580000, 0x00000000d5d00000, 0x0000000100000000)
  eden space 5632K, 0% used [0x00000000d5580000,0x00000000d5580000,0x00000000d5b00000)
  from space 1024K, 77% used [0x00000000d5b80000,0x00000000d5c458c8,0x00000000d5c80000)
  to   space 512K, 0% used [0x00000000d5c80000,0x00000000d5c80000,0x00000000d5d00000)
 ParOldGen       total 1020928K, used 1020895K [0x0000000080000000, 0x00000000be500000, 0x00000000d5580000)
  object space 1020928K, 99% used [0x0000000080000000,0x00000000be4f7cf8,0x00000000be500000)
 Metaspace       used 110728K, committed 112704K, reserved 1179648K
  class space    used 11057K, committed 12032K, reserved 1048576K
}
Event: 96210.547 GC heap before
{Heap before GC invocations=12941 (full 14):
 PSYoungGen      total 6656K, used 6422K [0x00000000d5580000, 0x00000000d5d00000, 0x0000000100000000)
  eden space 5632K, 100% used [0x00000000d5580000,0x00000000d5b00000,0x00000000d5b00000)
  from space 1024K, 77% used [0x00000000d5b80000,0x00000000d5c458c8,0x00000000d5c80000)
  to   space 512K, 0% used [0x00000000d5c80000,0x00000000d5c80000,0x00000000d5d00000)
 ParOldGen       total 1020928K, used 1020895K [0x0000000080000000, 0x00000000be500000, 0x00000000d5580000)
  object space 1020928K, 99% used [0x0000000080000000,0x00000000be4f7cf8,0x00000000be500000)
 Metaspace       used 110728K, committed 112704K, reserved 1179648K
  class space    used 11057K, committed 12032K, reserved 1048576K
}
Event: 96210.554 GC heap after
{Heap after GC invocations=12941 (full 14):
 PSYoungGen      total 6144K, used 512K [0x00000000d5580000, 0x00000000d5e00000, 0x0000000100000000)
  eden space 5632K, 0% used [0x00000000d5580000,0x00000000d5580000,0x00000000d5b00000)
  from space 512K, 100% used [0x00000000d5c80000,0x00000000d5d00000,0x00000000d5d00000)
  to   space 1536K, 0% used [0x00000000d5b00000,0x00000000d5b00000,0x00000000d5c80000)
 ParOldGen       total 1021952K, used 1021573K [0x0000000080000000, 0x00000000be600000, 0x00000000d5580000)
  object space 1021952K, 99% used [0x0000000080000000,0x00000000be5a15e0,0x00000000be600000)
 Metaspace       used 110728K, committed 112704K, reserved 1179648K
  class space    used 11057K, committed 12032K, reserved 1048576K
}
Event: 96210.624 GC heap before
{Heap before GC invocations=12942 (full 14):
 PSYoungGen      total 6144K, used 6144K [0x00000000d5580000, 0x00000000d5e00000, 0x0000000100000000)
  eden space 5632K, 100% used [0x00000000d5580000,0x00000000d5b00000,0x00000000d5b00000)
  from space 512K, 100% used [0x00000000d5c80000,0x00000000d5d00000,0x00000000d5d00000)
  to   space 1536K, 0% used [0x00000000d5b00000,0x00000000d5b00000,0x00000000d5c80000)
 ParOldGen       total 1021952K, used 1021573K [0x0000000080000000, 0x00000000be600000, 0x00000000d5580000)
  object space 1021952K, 99% used [0x0000000080000000,0x00000000be5a15e0,0x00000000be600000)
 Metaspace       used 110728K, committed 112704K, reserved 1179648K
  class space    used 11057K, committed 12032K, reserved 1048576K
}
Event: 96210.633 GC heap after
{Heap after GC invocations=12942 (full 14):
 PSYoungGen      total 6656K, used 640K [0x00000000d5580000, 0x00000000d5d00000, 0x0000000100000000)
  eden space 5632K, 0% used [0x00000000d5580000,0x00000000d5580000,0x00000000d5b00000)
  from space 1024K, 62% used [0x00000000d5b00000,0x00000000d5ba0000,0x00000000d5c00000)
  to   space 1024K, 0% used [0x00000000d5c00000,0x00000000d5c00000,0x00000000d5d00000)
 ParOldGen       total 1022464K, used 1022005K [0x0000000080000000, 0x00000000be680000, 0x00000000d5580000)
  object space 1022464K, 99% used [0x0000000080000000,0x00000000be60d640,0x00000000be680000)
 Metaspace       used 110728K, committed 112704K, reserved 1179648K
  class space    used 11057K, committed 12032K, reserved 1048576K
}
Event: 98847.334 GC heap before
{Heap before GC invocations=12943 (full 14):
 PSYoungGen      total 6656K, used 6272K [0x00000000d5580000, 0x00000000d5d00000, 0x0000000100000000)
  eden space 5632K, 100% used [0x00000000d5580000,0x00000000d5b00000,0x00000000d5b00000)
  from space 1024K, 62% used [0x00000000d5b00000,0x00000000d5ba0000,0x00000000d5c00000)
  to   space 1024K, 0% used [0x00000000d5c00000,0x00000000d5c00000,0x00000000d5d00000)
 ParOldGen       total 1022464K, used 1022005K [0x0000000080000000, 0x00000000be680000, 0x00000000d5580000)
  object space 1022464K, 99% used [0x0000000080000000,0x00000000be60d640,0x00000000be680000)
 Metaspace       used 110730K, committed 112704K, reserved 1179648K
  class space    used 11057K, committed 12032K, reserved 1048576K
}
Event: 98847.838 GC heap after
{Heap after GC invocations=12943 (full 14):
 PSYoungGen      total 6656K, used 800K [0x00000000d5580000, 0x00000000d5d00000, 0x0000000100000000)
  eden space 5632K, 0% used [0x00000000d5580000,0x00000000d5580000,0x00000000d5b00000)
  from space 1024K, 78% used [0x00000000d5c00000,0x00000000d5cc8000,0x00000000d5d00000)
  to   space 1024K, 0% used [0x00000000d5b00000,0x00000000d5b00000,0x00000000d5c00000)
 ParOldGen       total 1022976K, used 1022517K [0x0000000080000000, 0x00000000be700000, 0x00000000d5580000)
  object space 1022976K, 99% used [0x0000000080000000,0x00000000be68d6c0,0x00000000be700000)
 Metaspace       used 110730K, committed 112704K, reserved 1179648K
  class space    used 11057K, committed 12032K, reserved 1048576K
}

